<?xml version="1.0" encoding="UTF-8"?>
<testsuite name="mainTest" tests="3" skipped="0" failures="0" errors="0" timestamp="2018-03-02T15:36:37" hostname="DESKTOP-CDVSN6B" time="0.002">
  <properties/>
  <testcase name="testCreation" classname="mainTest" time="0.001"/>
  <testcase name="testAddTail" classname="mainTest" time="0.0"/>
  <testcase name="testHead" classname="mainTest" time="0.0"/>
  <system-out><![CDATA[]]></system-out>
  <system-err><![CDATA[]]></system-err>
</testsuite>
